[00:13:56] [WARNING] mysql_connect: no password specified (C:\Users\YÝÐÝTHAN\Desktop\Wions\WelcomeToWionsCity_ThatsMyWorld-1\gamemodes\wionsrp.pwn:155)
[00:18:49] [WARNING] mysql_connect: no password specified (C:\Users\YÝÐÝTHAN\Desktop\Wions\WelcomeToWionsCity_ThatsMyWorld-1\gamemodes\wionsrp.pwn:161)
[00:22:18] [WARNING] mysql_connect: no password specified (C:\Users\YÝÐÝTHAN\Desktop\Wions\WelcomeToWionsCity_ThatsMyWorld-1\gamemodes\wionsrp.pwn:162)
[00:24:34] [WARNING] mysql_connect: no password specified (C:\Users\YÝÐÝTHAN\Desktop\Wions\WelcomeToWionsCity_ThatsMyWorld-1\gamemodes\wionsrp.pwn:162)
[00:42:49] [WARNING] mysql_connect: no password specified (C:\Users\YÝÐÝTHAN\Desktop\Wions\WelcomeToWionsCity_ThatsMyWorld-1\gamemodes\wionsrp.pwn:161)
[00:46:16] [WARNING] mysql_connect: no password specified
[00:46:16] [WARNING] duplicate connection detected: handle id 1 already exists with host = 'localhost', username = 'root' and database = 'ab_db'
[01:03:30] [WARNING] mysql_connect: no password specified
[01:03:30] [WARNING] duplicate connection detected: handle id 1 already exists with host = 'localhost', username = 'root' and database = 'ab_db'
[01:07:03] [WARNING] mysql_connect: no password specified
[01:07:03] [WARNING] duplicate connection detected: handle id 1 already exists with host = 'localhost', username = 'root' and database = 'ab_db'
[19:32:45] [WARNING] mysql_connect: no password specified (C:\Users\YÝÐÝTHAN\Desktop\Wions\WelcomeToWionsCity_ThatsMyWorld-1\gamemodes\wionsrp.pwn:261 -> C:\Users\YÝÐÝTHAN\Desktop\Wions\WelcomeToWionsCity_ThatsMyWorld-1\pawno\include\weapon-config.inc:2039)
[19:36:07] [ERROR] CCallback::Execute - invalid AMX instance
[19:36:19] [WARNING] mysql_connect: no password specified (C:\Users\YÝÐÝTHAN\Desktop\Wions\WelcomeToWionsCity_ThatsMyWorld-1\gamemodes\wionsrp.pwn:261 -> C:\Users\YÝÐÝTHAN\Desktop\Wions\WelcomeToWionsCity_ThatsMyWorld-1\pawno\include\weapon-config.inc:2039)
[19:36:19] [WARNING] duplicate connection detected: handle id 1 already exists with host = 'localhost', username = 'root' and database = 'ab_db'
[19:45:09] [ERROR] CCallback::Execute - invalid AMX instance
[19:45:21] [WARNING] mysql_connect: no password specified
[19:45:21] [WARNING] duplicate connection detected: handle id 1 already exists with host = 'localhost', username = 'root' and database = 'ab_db'
[19:51:13] [WARNING] mysql_connect: no password specified (C:\Users\YÝÐÝTHAN\Desktop\Wions\WelcomeToWionsCity_ThatsMyWorld-1\gamemodes\wionsrp.pwn:261 -> C:\Users\YÝÐÝTHAN\Desktop\Wions\WelcomeToWionsCity_ThatsMyWorld-1\pawno\include\weapon-config.inc:2039)
[20:12:10] [WARNING] mysql_connect: no password specified (C:\Users\YÝÐÝTHAN\Desktop\Wions\WelcomeToWionsCity_ThatsMyWorld-1\gamemodes\wionsrp.pwn:261 -> C:\Users\YÝÐÝTHAN\Desktop\Wions\WelcomeToWionsCity_ThatsMyWorld-1\pawno\include\weapon-config.inc:2039)
[20:16:09] [WARNING] mysql_connect: no password specified (C:\Users\YÝÐÝTHAN\Desktop\Wions\WelcomeToWionsCity_ThatsMyWorld-1\gamemodes\wionsrp.pwn:261 -> C:\Users\YÝÐÝTHAN\Desktop\Wions\WelcomeToWionsCity_ThatsMyWorld-1\pawno\include\weapon-config.inc:2039)
[20:17:18] [WARNING] mysql_connect: no password specified (C:\Users\YÝÐÝTHAN\Desktop\Wions\WelcomeToWionsCity_ThatsMyWorld-1\gamemodes\wionsrp.pwn:261 -> C:\Users\YÝÐÝTHAN\Desktop\Wions\WelcomeToWionsCity_ThatsMyWorld-1\pawno\include\weapon-config.inc:2039)
[20:18:18] [WARNING] mysql_connect: no password specified (C:\Users\YÝÐÝTHAN\Desktop\Wions\WelcomeToWionsCity_ThatsMyWorld-1\gamemodes\wionsrp.pwn:261 -> C:\Users\YÝÐÝTHAN\Desktop\Wions\WelcomeToWionsCity_ThatsMyWorld-1\pawno\include\weapon-config.inc:2039)
